[38;5;112m[Appium][0m Welcome to Appium v2.12.1
[38;5;112m[Appium][0m Non-default server args:
[38;5;112m[Appium][0m { basePath: [32m'/wd/hub'[39m, loglevel: [32m'info'[39m, port: [33m57355[39m }
[38;5;112m[Appium][0m Attempting to load driver uiautomator2...
[38;5;112m[Appium][0m Attempting to load driver flutter...
[38;5;112m[Appium][0m Attempting to load driver xcuitest...
[38;5;112m[Appium][0m Appium REST http interface listener started on http://0.0.0.0:57355/wd/hub
[38;5;112m[Appium][0m You can provide the following URLs in your client code to connect to this server:
	http://127.0.0.1:57355/wd/hub (only accessible from the same host)
	http://127.94.0.1:57355/wd/hub (only accessible from the same host)
	http://192.168.1.2:57355/wd/hub
[38;5;112m[Appium][0m Available drivers:
[38;5;112m[Appium][0m   - uiautomator2@2.18.0 (automationName 'UiAutomator2')
[38;5;112m[Appium][0m   - flutter@1.14.3 (automationName 'Flutter')
[38;5;112m[Appium][0m   - xcuitest@5.7.0 (automationName 'XCUITest')
[38;5;112m[Appium][0m No plugins have been installed. Use the "appium plugin" command to install the one(s) you want to use.
[38;5;86m[HTTP][0m [37m-->[39m [37mGET[39m [37m/wd/hub/status[39m {}
[38;5;86m[HTTP][0m <-- GET /wd/hub/status 200 3 ms - 111 
[38;5;86m[HTTP][0m [37m-->[39m [37mGET[39m [37m/wd/hub/status[39m {}
[38;5;86m[HTTP][0m <-- GET /wd/hub/status 200 0 ms - 111 
[38;5;86m[HTTP][0m [37m-->[39m [37mPOST[39m [37m/wd/hub/session[39m {"capabilities":{"firstMatch":[{"appium:app":"/Users/mohit/Downloads/live-citymall.apk","appium:autoGrantPermissions":true,"appium:automationName":"uiautomator2","appium:deviceName":"emulator-5554 (sdk_gphone64_arm64 - Android 12)","appium:fullReset":false,"appium:newCommandTimeout":1800,"appium:noReset":true,"appium:platformName":"ANDROID","appium:platformVersion":"12","appium:systemPort":57372,"appium:udid":"emulator-5554","platformName":"ANDROID"}]},"desiredCapabilities":{"appium:app":"/Users/mohit/Downloads/live-citymall.apk","appium:autoGrantPermissions":true,"appium:automationName":"uiautomator2","appium:deviceName":"emulator-5554 (sdk_gphone64_arm64 - Android 12)","appium:fullReset":false,"appium:newCommandTimeout":1800,"appium:noReset":true,"appium:platformName":"ANDROID","appium:platformVersion":"12","appium:systemPort":57372,"appium:udid":"emulator-5554"}}
[38;5;123m[BaseDriver][0m Ignoring capability 'appium:platformName=ANDROID' and using capability 'platformName=ANDROID'
[38;5;123m[BaseDriver][0m The capabilities ["platformName"] are standard capabilities and do not require "appium:" prefix
[38;5;112m[Appium][0m Attempting to find matching driver for automationName 'uiautomator2' and platformName 'ANDROID'
[38;5;112m[Appium][0m The 'uiautomator2' driver was installed and matched caps.
[38;5;112m[Appium][0m Will require it at /Users/mohit/.appium/node_modules/appium-uiautomator2-driver
[38;5;89m[AppiumDriver@7e47][0m Appium v2.12.1 creating new AndroidUiautomator2Driver (v2.18.0) session
[38;5;89m[AppiumDriver@7e47][0m Checking BaseDriver versions for Appium and AndroidUiautomator2Driver
[38;5;89m[AppiumDriver@7e47][0m Appium's BaseDriver version is 9.12.1
[38;5;89m[AppiumDriver@7e47][0m AndroidUiautomator2Driver's BaseDriver version is 9.12.0
[38;5;-94m[AndroidUiautomator2Driver@cc5d][0m The following provided capabilities were not recognized by this driver:
[38;5;-94m[AndroidUiautomator2Driver@cc5d][0m   deviceName
[38;5;76m[e60d2fda][0m[38;5;-94m[AndroidUiautomator2Driver@cc5d][0m Session created with session id: e60d2fda-7229-466f-b9ac-835167eab239
[38;5;76m[e60d2fda][0m[38;5;123m[BaseDriver][0m Using local app '/Users/mohit/Downloads/live-citymall.apk'
[38;5;76m[e60d2fda][0m[38;5;229m[ADB][0m Found 1 'build-tools' folders under '/Users/mohit/.katalon/tools/android_sdk' (newest first):
[38;5;76m[e60d2fda][0m[38;5;229m[ADB][0m     /Users/mohit/.katalon/tools/android_sdk/build-tools/29.0.3
[38;5;76m[e60d2fda][0m[38;5;229m[ADB][0m Using 'adb' from '/Users/mohit/.katalon/tools/android_sdk/platform-tools/adb'
[38;5;76m[e60d2fda][0m[38;5;183m[AndroidDriver][0m Retrieving device list
[38;5;76m[e60d2fda][0m[38;5;183m[AndroidDriver][0m Using device: emulator-5554
[38;5;76m[e60d2fda][0m[38;5;229m[ADB][0m Using 'adb' from '/Users/mohit/.katalon/tools/android_sdk/platform-tools/adb'
[38;5;76m[e60d2fda][0m[38;5;229m[ADB][0m Getting device platform version
[38;5;76m[e60d2fda][0m[38;5;-94m[AndroidUiautomator2Driver@cc5d][0m Relaxing hidden api policy
[38;5;76m[e60d2fda][0m[38;5;229m[ADB][0m Package name: 'live.citymall.customer.prod'
[38;5;76m[e60d2fda][0m[38;5;229m[ADB][0m Main activity name: 'live.citymall.customer.MainActivity'
[38;5;76m[e60d2fda][0m[38;5;229m[ADB][0m Using 'apksigner.jar' from '/Users/mohit/.katalon/tools/android_sdk/build-tools/29.0.3/lib/apksigner.jar'
[38;5;76m[e60d2fda][0m[38;5;229m[ADB][0m '/Users/mohit/.appium/node_modules/appium-uiautomator2-driver/node_modules/appium-uiautomator2-server/apks/appium-uiautomator2-server-v5.8.0.apk' is signed with the default certificate
[38;5;76m[e60d2fda][0m[38;5;229m[ADB][0m '/Users/mohit/.appium/node_modules/appium-uiautomator2-driver/node_modules/appium-uiautomator2-server/apks/appium-uiautomator2-server-debug-androidTest.apk' is signed with the default certificate
[38;5;76m[e60d2fda][0m[38;5;-94m[AndroidUiautomator2Driver@cc5d][0m Server packages are not going to be (re)installed
[38;5;76m[e60d2fda][0m[38;5;229m[ADB][0m Adding packages ["io.appium.settings","io.appium.uiautomator2.server","io.appium.uiautomator2.server.test"] to Doze whitelist
[38;5;76m[e60d2fda][0m[38;5;229m[ADB][0m '/Users/mohit/Downloads/live-citymall.apk' is signed with a non-default certificate
[38;5;76m[e60d2fda][0m[38;5;229m[ADB][0m The application at '/Users/mohit/Downloads/live-citymall.apk' will not be cached, because the device under test has confirmed the support of streamed installs
[38;5;76m[e60d2fda][0m[38;5;229m[ADB][0m The installation of 'live-citymall.apk' took 676ms
[38;5;76m[e60d2fda][0m[38;5;-94m[AndroidUiautomator2Driver@cc5d][0m Starting UIAutomator2 server 5.8.0
[38;5;76m[e60d2fda][0m[38;5;-94m[AndroidUiautomator2Driver@cc5d][0m Using UIAutomator2 server from '/Users/mohit/.appium/node_modules/appium-uiautomator2-driver/node_modules/appium-uiautomator2-server/apks/appium-uiautomator2-server-v5.8.0.apk' and test from '/Users/mohit/.appium/node_modules/appium-uiautomator2-driver/node_modules/appium-uiautomator2-server/apks/appium-uiautomator2-server-debug-androidTest.apk'
[38;5;76m[e60d2fda][0m[38;5;-94m[AndroidUiautomator2Driver@cc5d][0m Waiting up to 30000ms for UiAutomator2 to be online...
[38;5;76m[e60d2fda][0m[38;5;-94m[AndroidUiautomator2Driver@cc5d][0m socket hang up
[38;5;76m[e60d2fda][0m[38;5;-94m[AndroidUiautomator2Driver@cc5d][0m socket hang up
[38;5;76m[e60d2fda][0m[38;5;-94m[AndroidUiautomator2Driver@cc5d][0m Determined the downstream protocol as 'W3C'
[38;5;76m[e60d2fda][0m[38;5;183m[AndroidDriver][0m Screen already unlocked, doing nothing
[38;5;76m[e60d2fda][0m[38;5;-94m[AndroidUiautomator2Driver@cc5d][0m Starting 'live.citymall.customer.prod/live.citymall.customer.MainActivity and waiting for 'live.citymall.customer.prod/live.citymall.customer.MainActivity'
[38;5;76m[e60d2fda][0m[38;5;89m[AppiumDriver@7e47][0m New AndroidUiautomator2Driver session created successfully, session e60d2fda-7229-466f-b9ac-835167eab239 added to master session list
[38;5;76m[e60d2fda][0m[38;5;86m[HTTP][0m <-- POST /wd/hub/session 200 7522 ms - 1203 
[38;5;86m[HTTP][0m [37m-->[39m [37mGET[39m [37m/wd/hub/status[39m {}
[38;5;86m[HTTP][0m <-- GET /wd/hub/status 200 0 ms - 111 
[38;5;76m[e60d2fda][0m[38;5;86m[HTTP][0m [37m-->[39m [37mPOST[39m [37m/wd/hub/session/e60d2fda-7229-466f-b9ac-835167eab239/timeouts[39m {"implicit":60000}
[38;5;76m[e60d2fda][0m[38;5;86m[HTTP][0m <-- POST /wd/hub/session/e60d2fda-7229-466f-b9ac-835167eab239/timeouts 200 1 ms - 14 
[38;5;76m[e60d2fda][0m[38;5;86m[HTTP][0m [37m-->[39m [37mGET[39m [37m/wd/hub/session/e60d2fda-7229-466f-b9ac-835167eab239/source[39m {}
[38;5;76m[e60d2fda][0m[38;5;-94m[AndroidUiautomator2Driver@cc5d][0m Driver proxy active, passing request on via HTTP proxy
[38;5;76m[e60d2fda][0m[38;5;-94m[AndroidUiautomator2Driver@cc5d][0m Replacing sessionId 733e3cde-5169-496e-a1fc-d1db1a766f6a with e60d2fda-7229-466f-b9ac-835167eab239
[38;5;76m[e60d2fda][0m[38;5;86m[HTTP][0m <-- GET /wd/hub/session/e60d2fda-7229-466f-b9ac-835167eab239/source 200 915 ms - 18204 
[38;5;76m[e60d2fda][0m[38;5;86m[HTTP][0m [37m-->[39m [37mGET[39m [37m/wd/hub/session/e60d2fda-7229-466f-b9ac-835167eab239/screenshot[39m {}
[38;5;76m[e60d2fda][0m[38;5;86m[HTTP][0m <-- GET /wd/hub/session/e60d2fda-7229-466f-b9ac-835167eab239/screenshot 200 311 ms - 1473272 
[38;5;76m[e60d2fda][0m[38;5;86m[HTTP][0m [37m-->[39m [37mGET[39m [37m/wd/hub/session/e60d2fda-7229-466f-b9ac-835167eab239/window/rect[39m {}
[38;5;76m[e60d2fda][0m[38;5;86m[HTTP][0m <-- GET /wd/hub/session/e60d2fda-7229-466f-b9ac-835167eab239/window/rect 200 16 ms - 50 
[38;5;76m[e60d2fda][0m[38;5;86m[HTTP][0m [37m-->[39m [37mPOST[39m [37m/wd/hub/session/e60d2fda-7229-466f-b9ac-835167eab239/elements[39m {"using":"xpath","value":"//*[@class = 'android.widget.EditText' and (@text = 'Enter Phone Number Here' or . = 'Enter Phone Number Here') and @resource-id = 'phone_input']"}
[38;5;76m[e60d2fda][0m[38;5;86m[HTTP][0m <-- POST /wd/hub/session/e60d2fda-7229-466f-b9ac-835167eab239/elements 200 130 ms - 139 
[38;5;76m[e60d2fda][0m[38;5;86m[HTTP][0m [37m-->[39m [37mGET[39m [37m/wd/hub/session/e60d2fda-7229-466f-b9ac-835167eab239/element/00000000-0000-004f-ffff-ffff00000032/rect[39m {}
[38;5;76m[e60d2fda][0m[38;5;-94m[AndroidUiautomator2Driver@cc5d][0m Driver proxy active, passing request on via HTTP proxy
[38;5;76m[e60d2fda][0m[38;5;-94m[AndroidUiautomator2Driver@cc5d][0m Replacing sessionId 733e3cde-5169-496e-a1fc-d1db1a766f6a with e60d2fda-7229-466f-b9ac-835167eab239
[38;5;76m[e60d2fda][0m[38;5;86m[HTTP][0m <-- GET /wd/hub/session/e60d2fda-7229-466f-b9ac-835167eab239/element/00000000-0000-004f-ffff-ffff00000032/rect 200 16 ms - 105 
[38;5;76m[e60d2fda][0m[38;5;86m[HTTP][0m [37m-->[39m [37mPOST[39m [37m/wd/hub/session/e60d2fda-7229-466f-b9ac-835167eab239/element/00000000-0000-004f-ffff-ffff00000032/clear[39m {"id":"00000000-0000-004f-ffff-ffff00000032"}
[38;5;76m[e60d2fda][0m[38;5;86m[HTTP][0m <-- POST /wd/hub/session/e60d2fda-7229-466f-b9ac-835167eab239/element/00000000-0000-004f-ffff-ffff00000032/clear 200 6 ms - 14 
[38;5;76m[e60d2fda][0m[38;5;86m[HTTP][0m [37m-->[39m [37mPOST[39m [37m/wd/hub/session/e60d2fda-7229-466f-b9ac-835167eab239/element/00000000-0000-004f-ffff-ffff00000032/click[39m {"id":"00000000-0000-004f-ffff-ffff00000032"}
[38;5;76m[e60d2fda][0m[38;5;86m[HTTP][0m <-- POST /wd/hub/session/e60d2fda-7229-466f-b9ac-835167eab239/element/00000000-0000-004f-ffff-ffff00000032/click 200 1484 ms - 14 
[38;5;76m[e60d2fda][0m[38;5;86m[HTTP][0m [37m-->[39m [37mPOST[39m [37m/wd/hub/session/e60d2fda-7229-466f-b9ac-835167eab239/element/00000000-0000-004f-ffff-ffff00000032/value[39m {"value":["9","4","5","6","8","4","6","4","2","5"],"text":"9456846425","id":"00000000-0000-004f-ffff-ffff00000032"}
[38;5;76m[e60d2fda][0m[38;5;86m[HTTP][0m <-- POST /wd/hub/session/e60d2fda-7229-466f-b9ac-835167eab239/element/00000000-0000-004f-ffff-ffff00000032/value 200 554 ms - 14 
[38;5;76m[e60d2fda][0m[38;5;86m[HTTP][0m [37m-->[39m [37mGET[39m [37m/wd/hub/session/e60d2fda-7229-466f-b9ac-835167eab239/source[39m {}
[38;5;76m[e60d2fda][0m[38;5;-94m[AndroidUiautomator2Driver@cc5d][0m Driver proxy active, passing request on via HTTP proxy
[38;5;76m[e60d2fda][0m[38;5;-94m[AndroidUiautomator2Driver@cc5d][0m Replacing sessionId 733e3cde-5169-496e-a1fc-d1db1a766f6a with e60d2fda-7229-466f-b9ac-835167eab239
[38;5;76m[e60d2fda][0m[38;5;86m[HTTP][0m <-- GET /wd/hub/session/e60d2fda-7229-466f-b9ac-835167eab239/source 200 45 ms - 18189 
[38;5;76m[e60d2fda][0m[38;5;86m[HTTP][0m [37m-->[39m [37mGET[39m [37m/wd/hub/session/e60d2fda-7229-466f-b9ac-835167eab239/screenshot[39m {}
[38;5;76m[e60d2fda][0m[38;5;86m[HTTP][0m <-- GET /wd/hub/session/e60d2fda-7229-466f-b9ac-835167eab239/screenshot 200 319 ms - 1479084 
[38;5;76m[e60d2fda][0m[38;5;86m[HTTP][0m [37m-->[39m [37mGET[39m [37m/wd/hub/session/e60d2fda-7229-466f-b9ac-835167eab239/window/rect[39m {}
[38;5;76m[e60d2fda][0m[38;5;86m[HTTP][0m <-- GET /wd/hub/session/e60d2fda-7229-466f-b9ac-835167eab239/window/rect 200 11 ms - 50 
[38;5;76m[e60d2fda][0m[38;5;86m[HTTP][0m [37m-->[39m [37mPOST[39m [37m/wd/hub/session/e60d2fda-7229-466f-b9ac-835167eab239/elements[39m {"using":"xpath","value":"//*[@class = 'android.widget.TextView' and (@text = 'Get OTP' or . = 'Get OTP')]"}
[38;5;76m[e60d2fda][0m[38;5;86m[HTTP][0m <-- POST /wd/hub/session/e60d2fda-7229-466f-b9ac-835167eab239/elements 200 61 ms - 139 
[38;5;76m[e60d2fda][0m[38;5;86m[HTTP][0m [37m-->[39m [37mGET[39m [37m/wd/hub/session/e60d2fda-7229-466f-b9ac-835167eab239/element/00000000-0000-004f-ffff-ffff00000035/rect[39m {}
[38;5;76m[e60d2fda][0m[38;5;-94m[AndroidUiautomator2Driver@cc5d][0m Driver proxy active, passing request on via HTTP proxy
[38;5;76m[e60d2fda][0m[38;5;-94m[AndroidUiautomator2Driver@cc5d][0m Replacing sessionId 733e3cde-5169-496e-a1fc-d1db1a766f6a with e60d2fda-7229-466f-b9ac-835167eab239
[38;5;76m[e60d2fda][0m[38;5;86m[HTTP][0m <-- GET /wd/hub/session/e60d2fda-7229-466f-b9ac-835167eab239/element/00000000-0000-004f-ffff-ffff00000035/rect 200 7 ms - 103 
[38;5;76m[e60d2fda][0m[38;5;86m[HTTP][0m [37m-->[39m [37mPOST[39m [37m/wd/hub/session/e60d2fda-7229-466f-b9ac-835167eab239/element/00000000-0000-004f-ffff-ffff00000035/click[39m {"id":"00000000-0000-004f-ffff-ffff00000035"}
[38;5;76m[e60d2fda][0m[38;5;86m[HTTP][0m <-- POST /wd/hub/session/e60d2fda-7229-466f-b9ac-835167eab239/element/00000000-0000-004f-ffff-ffff00000035/click 200 27 ms - 14 
[38;5;76m[e60d2fda][0m[38;5;86m[HTTP][0m [37m-->[39m [37mGET[39m [37m/wd/hub/session/e60d2fda-7229-466f-b9ac-835167eab239/source[39m {}
[38;5;76m[e60d2fda][0m[38;5;-94m[AndroidUiautomator2Driver@cc5d][0m Driver proxy active, passing request on via HTTP proxy
[38;5;76m[e60d2fda][0m[38;5;-94m[AndroidUiautomator2Driver@cc5d][0m Replacing sessionId 733e3cde-5169-496e-a1fc-d1db1a766f6a with e60d2fda-7229-466f-b9ac-835167eab239
[38;5;76m[e60d2fda][0m[38;5;86m[HTTP][0m <-- GET /wd/hub/session/e60d2fda-7229-466f-b9ac-835167eab239/source 200 678 ms - 22186 
[38;5;76m[e60d2fda][0m[38;5;86m[HTTP][0m [37m-->[39m [37mGET[39m [37m/wd/hub/session/e60d2fda-7229-466f-b9ac-835167eab239/screenshot[39m {}
[38;5;76m[e60d2fda][0m[38;5;86m[HTTP][0m <-- GET /wd/hub/session/e60d2fda-7229-466f-b9ac-835167eab239/screenshot 200 317 ms - 1491328 
[38;5;76m[e60d2fda][0m[38;5;86m[HTTP][0m [37m-->[39m [37mDELETE[39m [37m/wd/hub/session/e60d2fda-7229-466f-b9ac-835167eab239[39m {}
[38;5;76m[e60d2fda][0m[38;5;89m[AppiumDriver@7e47][0m Removing session e60d2fda-7229-466f-b9ac-835167eab239 from our master session list
[38;5;76m[e60d2fda][0m[38;5;-94m[AndroidUiautomator2Driver@cc5d][0m Restoring hidden api policy to the device default configuration
[38;5;76m[e60d2fda][0m[38;5;86m[HTTP][0m <-- DELETE /wd/hub/session/e60d2fda-7229-466f-b9ac-835167eab239 200 126 ms - 14 
[38;5;112m[Appium][0m Received SIGTERM - shutting down
[38;5;86m[HTTP][0m Closing Appium HTTP server
